<?xml version="1.0" encoding="UTF-8"?>
<testsuite xmlns:xsi="http://www.w3.org/2001/XMLSchema-instance" xsi:noNamespaceSchemaLocation="https://maven.apache.org/surefire/maven-surefire-plugin/xsd/surefire-test-report.xsd" name="tarefa9.OperacionsArraysTest" time="0.046" tests="1" errors="0" skipped="0" failures="0">
  <properties>
    <property name="java.specification.version" value="17"/>
    <property name="sun.cpu.isalist" value="amd64"/>
    <property name="sun.jnu.encoding" value="Cp1252"/>
    <property name="java.class.path" value="e:\DAM 1\Contornos de Densenvolvemento\proyectos\tarefa9\target\test-classes;e:\DAM 1\Contornos de Densenvolvemento\proyectos\tarefa9\target\classes;C:\Users\DAM1_Alu09\.m2\repository\junit\junit\4.11\junit-4.11.jar;C:\Users\DAM1_Alu09\.m2\repository\org\hamcrest\hamcrest-core\1.3\hamcrest-core-1.3.jar;"/>
    <property name="java.vm.vendor" value="Oracle Corporation"/>
    <property name="sun.arch.data.model" value="64"/>
    <property name="user.variant" value=""/>
    <property name="java.vendor.url" value="https://java.oracle.com/"/>
    <property name="user.timezone" value="Europe/Madrid"/>
    <property name="os.name" value="Windows 11"/>
    <property name="java.vm.specification.version" value="17"/>
    <property name="sun.java.launcher" value="SUN_STANDARD"/>
    <property name="user.country" value="ES"/>
    <property name="sun.boot.library.path" value="E:\jdk\jdk-17.0.6_windows-x64_bin\jdk-17.0.6\bin"/>
    <property name="sun.java.command" value="C:\Users\DAM1_A~1\AppData\Local\Temp\surefire15487600193715974846\surefirebooter3521035661893642882.jar C:\Users\DAM1_Alu09\AppData\Local\Temp\surefire15487600193715974846 2023-03-30T21-01-23_840-jvmRun1 surefire14417076987896936439tmp surefire_07467796945392932082tmp"/>
    <property name="jdk.debug" value="release"/>
    <property name="surefire.test.class.path" value="e:\DAM 1\Contornos de Densenvolvemento\proyectos\tarefa9\target\test-classes;e:\DAM 1\Contornos de Densenvolvemento\proyectos\tarefa9\target\classes;C:\Users\DAM1_Alu09\.m2\repository\junit\junit\4.11\junit-4.11.jar;C:\Users\DAM1_Alu09\.m2\repository\org\hamcrest\hamcrest-core\1.3\hamcrest-core-1.3.jar;"/>
    <property name="sun.cpu.endian" value="little"/>
    <property name="user.home" value="C:\Users\DAM1_Alu09"/>
    <property name="user.language" value="es"/>
    <property name="java.specification.vendor" value="Oracle Corporation"/>
    <property name="java.version.date" value="2023-01-17"/>
    <property name="java.home" value="E:\jdk\jdk-17.0.6_windows-x64_bin\jdk-17.0.6"/>
    <property name="file.separator" value="\"/>
    <property name="basedir" value="e:\DAM 1\Contornos de Densenvolvemento\proyectos\tarefa9"/>
    <property name="java.vm.compressedOopsMode" value="Zero based"/>
    <property name="line.separator" value="&#10;"/>
    <property name="java.vm.specification.vendor" value="Oracle Corporation"/>
    <property name="java.specification.name" value="Java Platform API Specification"/>
    <property name="surefire.real.class.path" value="C:\Users\DAM1_A~1\AppData\Local\Temp\surefire15487600193715974846\surefirebooter3521035661893642882.jar"/>
    <property name="user.script" value=""/>
    <property name="sun.management.compiler" value="HotSpot 64-Bit Tiered Compilers"/>
    <property name="java.runtime.version" value="17.0.6+9-LTS-190"/>
    <property name="user.name" value="DAM1_Alu09"/>
    <property name="path.separator" value=";"/>
    <property name="os.version" value="10.0"/>
    <property name="java.runtime.name" value="Java(TM) SE Runtime Environment"/>
    <property name="file.encoding" value="Cp1252"/>
    <property name="java.vm.name" value="Java HotSpot(TM) 64-Bit Server VM"/>
    <property name="localRepository" value="C:\Users\DAM1_Alu09\.m2\repository"/>
    <property name="java.vendor.url.bug" value="https://bugreport.java.com/bugreport/"/>
    <property name="java.io.tmpdir" value="C:\Users\DAM1_A~1\AppData\Local\Temp\"/>
    <property name="java.version" value="17.0.6"/>
    <property name="user.dir" value="e:\DAM 1\Contornos de Densenvolvemento\proyectos\tarefa9"/>
    <property name="os.arch" value="amd64"/>
    <property name="java.vm.specification.name" value="Java Virtual Machine Specification"/>
    <property name="sun.os.patch.level" value=""/>
    <property name="native.encoding" value="Cp1252"/>
    <property name="java.library.path" value="E:\jdk\jdk-17.0.6_windows-x64_bin\jdk-17.0.6\bin;C:\WINDOWS\Sun\Java\bin;C:\WINDOWS\system32;C:\WINDOWS;C:\Program Files (x86)\Common Files\Oracle\Java\javapath;C:\WINDOWS\system32;C:\WINDOWS;C:\WINDOWS\System32\Wbem;C:\WINDOWS\System32\WindowsPowerShell\v1.0\;C:\WINDOWS\System32\OpenSSH\;C:\Program Files\PuTTY\;C:\Program Files\Microsoft VS Code\bin;C:\Users\DAM1_Alu09\AppData\Local\Programs\Python\Launcher\;C:\Users\DAM1_Alu09\AppData\Local\Microsoft\WindowsApps;C:\Users\DAM1_Alu09\AppData\Local\GitHubDesktop\bin;C:\Users\DAM1_Alu09\AppData\Local\Programs\Git\cmd;C:\Users\DAM1_Alu09\AppData\Local\Programs\Microsoft VS Code\bin;."/>
    <property name="java.vm.info" value="mixed mode, sharing"/>
    <property name="java.vendor" value="Oracle Corporation"/>
    <property name="java.vm.version" value="17.0.6+9-LTS-190"/>
    <property name="sun.io.unicode.encoding" value="UnicodeLittle"/>
    <property name="java.class.version" value="61.0"/>
  </properties>
  <testcase name="testBusca" classname="tarefa9.OperacionsArraysTest" time="0.003"/>
</testsuite>